<?xml version="1.0" encoding="UTF-8"?>
<!-- Generated by org.testng.reporters.JUnitReportReporter -->
<testsuite hostname="LAPTOP-LRNKH461" failures="0" tests="1" name="Test.TestLogin" time="1.759" errors="0" timestamp="2024-02-29T01:11:55 IST" skipped="0">
  <testcase classname="Test.TestLogin" name="testLogin" time="1.759"/>
  <system-out/>
</testsuite> <!-- Test.TestLogin -->
